<?xml version="1.0" encoding="UTF-8"?>
<Site BuildName="Linux-c++"
	BuildStamp="20230612-1330-Experimental"
	Name="artyom-PC"
	Generator="ctest-3.22.1"
	CompilerName="/usr/bin/c++"
	CompilerVersion="11.3.0"
	OSName="Linux"
	Hostname="artyom-PC"
	OSRelease="5.19.0-43-generic"
	OSVersion="#44~22.04.1-Ubuntu SMP PREEMPT_DYNAMIC Mon May 22 13:39:36 UTC 2"
	OSPlatform="x86_64"
	Is64Bits="1"
	VendorString="AuthenticAMD"
	VendorID="Advanced Micro Devices"
	FamilyID="23"
	ModelID="8"
	ProcessorCacheSize="512"
	NumberOfLogicalCPU="16"
	NumberOfPhysicalCPU="8"
	TotalVirtualMemory="0"
	TotalPhysicalMemory="15942"
	LogicalProcessorsPerPhysical="2"
	ProcessorClockFrequency="3991.6"
	>
	<Testing>
		<StartDateTime>Jun 12 16:30 MSK</StartDateTime>
		<StartTestTime>1686576659</StartTestTime>
		<TestList/>
		<EndDateTime>Jun 12 16:30 MSK</EndDateTime>
		<EndTestTime>1686576659</EndTestTime>
		<ElapsedMinutes>0</ElapsedMinutes>
	</Testing>
</Site>
