<?xml version="1.0" encoding="UTF-8"?>
<Site BuildName="Linux-c++"
	BuildStamp="20230701-0918-Experimental"
	Name="artyom-PC"
	Generator="ctest-3.22.1"
	CompilerName="/usr/bin/c++"
	CompilerVersion="11.3.0"
	OSName="Linux"
	Hostname="artyom-PC"
	OSRelease="5.19.0-46-generic"
	OSVersion="#47~22.04.1-Ubuntu SMP PREEMPT_DYNAMIC Wed Jun 21 15:35:31 UTC 2"
	OSPlatform="x86_64"
	Is64Bits="1"
	VendorString="AuthenticAMD"
	VendorID="Advanced Micro Devices"
	FamilyID="23"
	ModelID="8"
	ProcessorCacheSize="512"
	NumberOfLogicalCPU="16"
	NumberOfPhysicalCPU="8"
	TotalVirtualMemory="0"
	TotalPhysicalMemory="15934"
	LogicalProcessorsPerPhysical="2"
	ProcessorClockFrequency="3966.97"
	>
	<Testing>
		<StartDateTime>Jul 01 12:18 MSK</StartDateTime>
		<StartTestTime>1688203111</StartTestTime>
		<TestList/>
		<EndDateTime>Jul 01 12:18 MSK</EndDateTime>
		<EndTestTime>1688203111</EndTestTime>
		<ElapsedMinutes>0</ElapsedMinutes>
	</Testing>
</Site>
