<?xml version="1.0" encoding="UTF-8"?>
<Site BuildName="Linux-c++"
	BuildStamp="20230624-1736-Experimental"
	Name="artyom-PC"
	Generator="ctest-3.22.1"
	CompilerName="/usr/bin/c++"
	CompilerVersion="11.3.0"
	OSName="Linux"
	Hostname="artyom-PC"
	OSRelease="5.19.0-45-generic"
	OSVersion="#46~22.04.1-Ubuntu SMP PREEMPT_DYNAMIC Wed Jun 7 15:06:04 UTC 20"
	OSPlatform="x86_64"
	Is64Bits="1"
	VendorString="AuthenticAMD"
	VendorID="Advanced Micro Devices"
	FamilyID="23"
	ModelID="8"
	ProcessorCacheSize="512"
	NumberOfLogicalCPU="16"
	NumberOfPhysicalCPU="8"
	TotalVirtualMemory="0"
	TotalPhysicalMemory="15934"
	LogicalProcessorsPerPhysical="2"
	ProcessorClockFrequency="3991.99"
	>
	<Testing>
		<StartDateTime>Jun 24 20:36 MSK</StartDateTime>
		<StartTestTime>1687628175</StartTestTime>
		<TestList/>
		<EndDateTime>Jun 24 20:36 MSK</EndDateTime>
		<EndTestTime>1687628175</EndTestTime>
		<ElapsedMinutes>0</ElapsedMinutes>
	</Testing>
</Site>
